<?xml version="1.0" encoding="UTF-8"?>
<!-- Generated by org.testng.reporters.JUnitReportReporter -->
<testsuite hostname="LAPTOP-DQ5N2O9I" failures="0" tests="3" name="TestNG_Sessions.GoogleTest" time="48.926" errors="0" timestamp="2022-03-21T23:00:23 IST" skipped="0">
  <testcase classname="TestNG_Sessions.GoogleTest" name="titleTest" time="21.230"/>
  <system-out/>
  <testcase classname="TestNG_Sessions.GoogleTest" name="gmailLinkTest" time="16.517"/>
  <system-out/>
  <testcase classname="TestNG_Sessions.GoogleTest" name="logoTest" time="11.179"/>
  <system-out/>
</testsuite> <!-- TestNG_Sessions.GoogleTest -->
