<?xml version="1.0" encoding="UTF-8"?>
<!-- Generated by org.testng.reporters.JUnitReportReporter -->
<testsuite hostname="LAPTOP-DQ5N2O9I" failures="0" tests="1" name="com.parameters.ParameterTest" time="9.414" errors="0" timestamp="2022-01-11T17:43:59 IST" skipped="0">
  <testcase classname="com.parameters.ParameterTest" name="facebookLoginTest" time="9.414"/>
  <system-out/>
</testsuite> <!-- com.parameters.ParameterTest -->
